16807
0.000000
282475249
0.000000
1622650073
0.000000
984943658
0.000000
1144108930
0.000000
470211272
0.000000
101027544
0.000000
1457850878
0.000000
1458777923
0.000000
2007237709
0.000000
823564440
0.000000
1115438165
0.000000
1784484492
0.000000
74243042
0.000000
114807987
0.000000
1137522503
0.000000
1441282327
0.000000
16531729
0.000000
823378840
0.000000
143542612
0.000000
896544303
0.000000
1474833169
0.000000
1264817709
0.000000
1998097157
0.000000
1817129560
0.000000
1131570933
0.000000
197493099
0.000000
1404280278
0.000000
893351816
0.000000
1505795335
0.000000
1954899097
0.000000
1636807826
0.000000
563613512
0.000000
101929267
0.000000
1580723810
0.000000
704877633
0.000000
1358580979
0.000000
1624379149
0.000000
2128236579
0.000000
784558821
0.000000
530511967
0.000000
2110010672
0.000000
1551901393
0.000000
1617819336
0.000000
1399125485
0.000000
156091745
0.000000
1356425228
0.000000
1899894091
0.000000
585640194
0.000000
937186357
0.000000
1646035001
0.000000
1025921153
0.000000
510616708
0.000000
590357944
0.000000
771515668
0.000000
357571490
0.000000
1044788124
0.000000
1927702196
0.000000
1952509530
0.000000
130060903
0.000000
1942727722
0.000000
1083454666
0.000000
1108728549
0.000000
685118024
0.000000
2118797801
0.000000
1060806853
0.000000
571540977
0.000000
194847408
0.000000
2035308228
0.000000
158374933
0.000000
1075260298
0.000000
824938981
0.000000
595028635
0.000000
1962408013
0.000000
1137623865
0.000000
997389814
0.000000
2020739063
0.000000
107554536
0.000000
1635339425
0.000000
1654001669
0.000000
1777724115
0.000000
269220094
0.000000
34075629
0.000000
1478446501
0.000000
1864546517
0.000000
1351934195
0.000000
1581030105
0.000000
1557810404
0.000000
2146319451
0.000000
1908194298
0.000000
500782188
0.000000
657821123
0.000000
753799505
0.000000
1102246882
0.000000
1269406752
0.000000
1816731566
0.000000
884936716
0.000000
1807130337
0.000000
578354438
0.000000
892053144
0.000000
1153851501
0.000000
1004844897
0.000000
616783871
0.000000
382955828
0.000000
330111137
0.000000
1227619358
0.000000
1723153177
0.000000
70982397
0.000000
1147722294
0.000000
1070477904
0.000000
2051621609
0.000000
1606946231
0.000000
1190959745
0.000000
1912844175
0.000000
1341853635
0.000000
1808266298
0.000000
343098142
0.000000
456880399
0.000000
1534827968
0.000000
280090412
0.000000
195400260
0.000000
589673557
0.000000
6441594
0.000000
889688008
0.000000
57716395
0.000000
1524325968
0.000000
2014119113
0.000000
515204530
0.000000
388471006
0.000000
681910962
0.000000
1904797942
0.000000
1400285365
0.000000
322842082
0.000000
1463179852
0.000000
828530767
0.000000
832633821
0.000000
1073185695
0.000000
316824712
0.000000
1260973671
0.000000
1815859901
0.000000
1267248590
0.000000
2051724831
0.000000
1194314738
0.000000
318153057
0.000000
2111631616
0.000000
877819790
0.000000
304555640
0.000000
1213110679
0.000000
541437335
0.000000
1049077006
0.000000
996497972
0.000000
2063936098
0.000000
270649095
0.000000
428975319
0.000000
685583454
0.000000
1351345223
0.000000
272112289
0.000000
1398556760
0.000000
1334948905
0.000000
1724586126
0.000000
532236123
0.000000
1023129506
0.000000
836045813
0.000000
436476770
0.000000
60935238
0.000000
1936329094
0.000000
915896220
0.000000
304987844
0.000000
2034712366
0.000000
881140534
0.000000
281725226
0.000000
1901915394
0.000000
197941363
0.000000
348318738
0.000000
152607844
0.000000
784559590
0.000000
543436550
0.000000
290145159
0.000000
1681808623
0.000000
977764947
0.000000
750597385
0.000000
971307217
0.000000
1737195272
0.000000
2000755539
0.000000
1399399247
0.000000
462242385
0.000000
1459413496
0.000000
1951894885
0.000000
537140623
0.000000
1848682420
0.000000
1012028144
0.000000
1086531968
0.000000
1289335735
0.000000
1755699915
0.000000
1623161625
0.000000
992663534
0.000000
2043046042
0.000000
1358796011
0.000000
943454679
0.000000
1771024152
0.000000
1479575244
0.000000
1507977295
0.000000
2119878818
0.000000
2049590396
0.000000
1828087692
0.000000
621301815
0.000000
1154112991
0.000000
1104740033
0.000000
222122669
0.000000
889119397
0.000000
1238489553
0.000000
1882410547
0.000000
944975825
0.000000
1567121210
0.000000
1866729662
0.000000
1536830211
0.000000
1719533808
0.000000
1517273377
0.000000
1592822761
0.000000
41000625
0.000000
1902737335
0.000000
1127401868
0.000000
994977995
0.000000
140002776
0.000000
1532062767
0.000000
1049997439
0.000000
1433829874
0.000000
1464689331
0.000000
428540556
0.000000
1968456301
0.000000
1859468872
0.000000
1911300560
0.000000
1168120094
0.000000
298918984
0.000000
967113755
0.000000
2124639789
0.000000
462851407
0.000000
957828015
0.000000
678030193
0.000000
1105222769
0.000000
1893015680
0.000000
944303455
0.000000
1004016855
0.000000
1732267506
0.000000
784170963
0.000000
454233502
0.000000
2145586676
0.000000
329863108
0.000000
1353963249
0.000000
1323602331
0.000000
1277844
0.000000
1887638
0.000000
1660760808
0.000000
1561939997
0.000000
685428651
0.000000
897054849
0.000000
1465645203
0.000000
1461495731
0.000000
440796531
0.000000
1796198014
0.000000
1522395419
0.000000
1779636775
0.000000
203042009
0.000000
175530180
0.000000
1640687929
0.000000
1351995223
0.000000
459244054
0.000000
458588260
0.000000
174076737
0.000000
834991545
0.000000
2044747317
0.000000
2034837525
0.000000
837204200
0.000000
578134256
0.000000
1486421564
0.000000
609960597
0.000000
1668306648
0.000000
1683337704
0.000000
907225550
0.000000
605925150
0.000000
416541976
0.000000
24301412
0.000000
411938554
0.000000
2111482797
0.000000
524102504
0.000000
1760348381
0.000000
293034748
0.000000
855007065
0.000000
1290659378
0.000000
379847699
0.000000
1778878209
0.000000
338725129
0.000000
2121578553
0.000000
552265483
0.000000
501650447
0.000000
218264607
0.000000
471180773
0.000000
1363045322
0.000000
1494664305
0.000000
1706755176
0.000000
1495170053
0.000000
1616927224
0.000000
1437784630
0.000000
1360280366
0.000000
121205400
0.000000
1284660444
0.000000
487495370
0.000000
684570285
0.000000
1502883016
0.000000
252193898
0.000000
1637608155
0.000000
1129841133
0.000000
1189515557
0.000000
1262696576
0.000000
707953178
0.000000
1509658266
0.000000
307187357
0.000000
347221711
0.000000
1042227878
0.000000
1847320614
0.000000
1746474819
0.000000
1195795737
0.000000
1586983133
0.000000
678620591
0.000000
290623720
0.000000
1135048762
0.000000
667306633
0.000000
1262976197
0.000000
1112576031
0.000000
925238588
0.000000
555860589
0.000000
795054873
0.000000
843998877
0.000000
959637304
0.000000
1021979358
0.000000
832861200
0.000000
599777254
0.000000
168068960
0.000000
794014915
0.000000
545293947
0.000000
1442645480
0.000000
1452207730
0.000000
1103669955
0.000000
1564674546
0.000000
1547837107
0.000000
2028841238
0.000000
989340000
0.000000
2018984926
0.000000
690545035
0.000000
988774857
0.000000
1110561113
0.000000
1420250114
0.000000
862929593
0.000000
1300601360
0.000000
2118498354
0.000000
322968418
0.000000
1439025357
0.000000
738342585
0.000000
1163313729
0.000000
1122721015
0.000000
1780776563
0.000000
32106102
0.000000
588860917
0.000000
1380786643
0.000000
1172819419
0.000000
1971062967
0.000000
572547747
0.000000
2083245269
0.000000
529855395
0.000000
1812423303
0.000000
1490404473
0.000000
978719103
0.000000
1754711748
0.000000
47424385
0.000000
345205658
0.000000
1518163459
0.000000
1520045406
0.000000
937673930
0.000000
1250739824
0.000000
1614285132
0.000000
2129300973
0.000000
1493959603
0.000000
600246897
0.000000
1618907920
0.000000
367603950
0.000000
9135231
0.000000
1064488480
0.000000
171620203
0.000000
350213900
0.000000
1939824520
0.000000
1681462533
0.000000
1603481258
0.000000
937217003
0.000000
13618676
0.000000
1255820950
0.000000
1113423934
0.000000
143558780
0.000000
1168279879
0.000000
836941832
0.000000
463482574
0.000000
828433549
0.000000
1346174542
0.000000
1415306249
0.000000
1523252771
0.000000
1156766310
0.000000
601915879
0.000000
1752200983
0.000000
798669970
0.000000
1473392040
0.000000
666082723
0.000000
20073650
0.000000
222902971
0.000000
1118753229
0.000000
1666190318
0.000000
473917746
0.000000
118710299
0.000000
151687230
0.000000
344185621
0.000000
1554270776
0.000000
637850124
0.000000
108668244
0.000000
1026076958
0.000000
981747696
0.000000
1116666771
0.000000
958829064
0.000000
322791560
0.000000
614056598
0.000000
1790318751
0.000000
1493869940
0.000000
1240764503
0.000000
1462789551
0.000000
711192801
0.000000
123427205
0.000000
2119315080
0.000000
1164780418
0.000000
3559274
0.000000
1838659649
0.000000
63040413
0.000000
810783320
0.000000
1051519025
0.000000
1237322012
0.000000
1586901783
0.000000
1458854788
0.000000
1151624117
0.000000
76424008
0.000000
263081550
0.000000
2090265324
0.000000
404319195
0.000000
754451257
0.000000
1318824511
0.000000
1304835690
0.000000
270438666
0.000000
1187262410
0.000000
2048760593
0.000000
766490553
0.000000
1799809565
0.000000
2092190960
0.000000
556228742
0.000000
540151403
0.000000
911254352
0.000000
1746007307
0.000000
1928256141
0.000000
525244910
0.000000
1633413200
0.000000
1492192799
0.000000
970343127
0.000000
566120171
0.000000
1429157787
0.000000
250334414
0.000000
450031625
0.000000
244116641
0.000000
1174619517
0.000000
13055348
0.000000
377901842
0.000000
1287114315
0.000000
927515974
0.000000
177181445
0.000000
1476211373
0.000000
805972220
0.000000
1795739911
0.000000
265509239
0.000000
2090245054
0.000000
63641305
0.000000
172556929
0.000000
1061382253
0.000000
1652354189
0.000000
2005815166
0.000000
537204356
0.000000
772359304
0.000000
1651659860
0.000000
1073645898
0.000000
1609005592
0.000000
1442901720
0.000000
1463866116
0.000000
1625151580
0.000000
78098867
0.000000
495149352
0.000000
476026939
0.000000
1208178698
0.000000
1401494901
0.000000
1324160811
0.000000
797716616
0.000000
482756891
0.000000
501848671
0.000000
1402331728
0.000000
356326671
0.000000
1597951661
0.000000
343077045
0.000000
102303120
0.000000
1421620240
0.000000
268317158
0.000000
2038299453
0.000000
1039769627
0.000000
1333685350
0.000000
1962853711
0.000000
38535563
0.000000
1274629594
0.000000
1550207533
0.000000
1066401727
0.000000
115307827
0.000000
948398795
0.000000
1114919531
0.000000
1657737442
0.000000
140351516
0.000000
950885006
0.000000
2098478515
0.000000
1004466924
0.000000
706642601
0.000000
957627097
0.000000
1596168661
0.000000
440967103
0.000000
368034324
0.000000
799980108
0.000000
2018044936
0.000000
2072002281
0.000000
547517015
0.000000
151043710
0.000000
265963216
0.000000
1130301905
0.000000
343775973
0.000000
1111767781
0.000000
225882720
0.000000
1807270791
0.000000
791481169
0.000000
910297865
0.000000
702715827
0.000000
1532329536
0.000000
1238616728
0.000000
1872357125
0.000000
1628320384
0.000000
1796580167
0.000000
1502789949
0.000000
835500476
0.000000
2008416046
0.000000
1300521576
0.000000
777568666
0.000000
1158577467
0.000000
977260520
0.000000
862627384
0.000000
516341991
0.000000
178425210
0.000000
905333258
0.000000
1014428211
0.000000
622268744
0.000000
225419518
0.000000
464685718
0.000000
1722321934
0.000000
1132666825
0.000000
1436280767
0.000000
1854658689
0.000000
523449818
0.000000
1528073014
0.000000
566211825
0.000000
822102918
0.000000
173958028
0.000000
987333029
0.000000
500078034
0.000000
1708006727
0.000000
1055151240
0.000000
6933754
0.000000
571486540
0.000000
1427408396
0.000000
913090935
0.000000
401203083
0.000000
2069048048
0.000000
287846865
0.000000
1709087011
0.000000
2031615252
0.000000
367553064
0.000000
1301377876
0.000000
137017237
0.000000
746232675
0.000000
628070245
0.000000
1094482710
0.000000
1773470415
0.000000
1791728192
0.000000
1560024710
0.000000
707454747
0.000000
1722463037
0.000000
1356701299
0.000000
97368447
0.000000
88949715
0.000000
329241693
0.000000
1647259579
0.000000
132567129
0.000000
1115195164
0.000000
1995333979
0.000000
473553501
0.000000
439295525
0.000000
191110289
0.000000
1502574958
0.000000
1517114033
0.000000
1062211800
0.000000
562165089
0.000000
1528087670
0.000000
812535217
0.000000
430880846
0.000000
499521038
0.000000
936509543
0.000000
1008240338
0.000000
1849385936
0.000000
2098603321
0.000000
954597719
0.000000
73536496
0.000000
1124791247
0.000000
67943788
0.000000
1617428359
0.000000
1270425987
0.000000
1767145035
0.000000
707765235
0.000000
498383912
0.000000
1152185684
0.000000
924745989
0.000000
866683784
0.000000
2120263734
0.000000
2076422667
0.000000
1826500519
0.000000
1862972615
0.000000
669167045
0.000000
318665976
0.000000
2142326661
0.000000
1373365825
0.000000
1005182819
0.000000
2001271631
0.000000
1483422903
0.000000
1751072698
0.000000
1162936798
0.000000
1230092639
0.000000
341914004
0.000000
2029909503
0.000000
1763800679
0.000000
333748765
0.000000
88207391
0.000000
737904107
0.000000
236264924
0.000000
207314365
0.000000
1114057121
0.000000
48114454
0.000000
1205777106
0.000000
1840127450
0.000000
1110051703
0.000000
1448530832
0.000000
1583071032
0.000000
1499932141
0.000000
48961654
0.000000
412281977
0.000000
1440942217
0.000000
742753900
0.000000
142357289
0.000000
302173465
0.000000
1978084747
0.000000
476003622
0.000000
816289879
0.000000
1258459317
0.000000
359301516
0.000000
56564048
0.000000
1484182762
0.000000
1637121029
0.000000
1532649039
0.000000
166052708
0.000000
1266605903
0.000000
1987502657
0.000000
1996510761
0.000000
924375752
0.000000
1086561466
0.000000
1785108621
0.000000
1974044557
0.000000
1292006996
0.000000
1554426955
0.000000
1115266930
0.000000
1054021494
0.000000
346645555
0.000000
2096192221
0.000000
1233429312
0.000000
586802293
0.000000
1141231427
0.000000
1500142232
0.000000
1432477444
0.000000
209234791
0.000000
1178402198
0.000000
1311549152
0.000000
1434444856
0.000000
1063273570
0.000000
1227464303
0.000000
1264627439
0.000000
947712914
0.000000
324735799
0.000000
1078626766
0.000000
1570591835
0.000000
67981921
0.000000
110846043
0.000000
1121122752
0.000000
688574086
0.000000
75289719
0.000000
526439150
0.000000
230168410
0.000000
822418623
0.000000
1185044669
0.000000
1282409605
0.000000
1312349943
0.000000
2008437311
0.000000
1657922431
0.000000
1101977992
0.000000
1045139816
0.000000
1396138699
0.000000
1496786971
0.000000
875180639
0.000000
1045501370
0.000000
1030325836
0.000000
1525679891
0.000000
1147182857
0.000000
594094833
0.000000
1300383328
0.000000
601518177
0.000000
1510474410
0.000000
1139217683
0.000000
2014885176
0.000000
505523489
0.000000
887972091
0.000000
1283070434
0.000000
1681484711
0.000000
1976226904
0.000000
1463491026
0.000000
1763464891
0.000000
1132610790
0.000000
494500522
0.000000
308559364
0.000000
1931706890
0.000000
539924884
0.000000
1399116813
0.000000
10341441
0.000000
2009907127
0.000000
591316179
0.000000
1844185784
0.000000
598994537
0.000000
2045329870
0.000000
1088387561
0.000000
264032581
0.000000
894374165
0.000000
1508545802
0.000000
937357732
0.000000
231367332
0.000000
1645347854
0.000000
214459759
0.000000
947609847
0.000000
739972377
0.000000
637940462
0.000000
1626979010
0.000000
726943819
0.000000
710298150
0.000000
119413377
0.000000
1230900941
0.000000
1042143836
0.000000
434826720
0.000000
245832299
0.000000
2092396112
0.000000
1856734759
0.000000
1056219956
0.000000
788974390
0.000000
1728536152
0.000000
348330048
0.000000
342695014
0.000000
123959044
0.000000
320514918
0.000000
1005240150
0.000000
817350101
0.000000
1897741295
0.000000
910819821
0.000000
885295731
0.000000
1398644501
0.000000
662128245
0.000000
129154961
0.000000
1748946057
0.000000
1927703510
0.000000
1974593928
0.000000
1935350805
0.000000
1653662173
0.000000
366782137
0.000000
1229309669
0.000000
67439096
0.000000
1725004503
0.000000
1121447421
0.000000
1850318675
0.000000
595278518
0.000000
1867224300
0.000000
1260276489
0.000000
835740262
0.000000
1743532054
0.000000
1128868263
0.000000
2018358643
0.000000
902024889
0.000000
1245245250
0.000000
1608776735
0.000000
1891469415
0.000000
726031364
0.000000
407052494
0.000000
1595850963
0.000000
1543867758
0.000000
1887985652
0.000000
156485092
0.000000
1524957316
0.000000
1887766714
0.000000
771761420
0.000000
192958060
0.000000
345807450
0.000000
895063368
0.000000
207078741
0.000000
1448891847
0.000000
1208199196
0.000000
1746004787
0.000000
1885902501
0.000000
1652188234
0.000000
1364093128
0.000000
1925270571
0.000000
1886377448
0.000000
1044687875
0.000000
242817253
0.000000
810641871
0.000000
821669329
0.000000
1476562293
0.000000
261433719
0.000000
164973471
0.000000
307738820
0.000000
1025725764
0.000000
1521681079
0.000000
511142630
0.000000
839594410
0.000000
2095688080
0.000000
1350266113
0.000000
1462863342
0.000000
1951398138
0.000000
778248382
0.000000
1845146044
0.000000
1705698828
0.000000
920998393
0.000000
157863575
0.000000
1070800980
0.000000
1039109000
0.000000
967945596
0.000000
1073005947
0.000000
1590767370
0.000000
2003266087
0.000000
644506543
0.000000
313952733
0.000000
236262852
0.000000
172490261
0.000000
2088376824
0.000000
876554400
0.000000
511982380
0.000000
2068370778
0.000000
1789871857
0.000000
425373423
0.000000
278059498
0.000000
421567014
0.000000
728252845
0.000000
1236261662
0.000000
945468509
0.000000
1257726610
0.000000
929596849
0.000000
790709218
0.000000
821019290
0.000000
1288775055
0.000000
922285743
0.000000
319518555
0.000000
1439236385
0.000000
2137606534
0.000000
1499086275
0.000000
864877321
0.000000
1823811151
0.000000
1759921226
0.000000
1703775251
0.000000
803694459
0.000000
20632783
0.000000
1030316714
0.000000
1372366437
0.000000
1388337879
0.000000
1384907698
0.000000
1715914100
0.000000
810383137
0.000000
768094285
0.000000
836445878
0.000000
717918284
0.000000
1489470342
0.000000
311164915
0.000000
626045960
0.000000
1432063067
0.000000
1834735140
0.000000
675810707
0.000000
309543566
0.000000
1293320728
0.000000
12000562
0.000000
1977466363
0.000000
820241969
0.000000
1109242890
0.000000
739712623
0.000000
567222278
0.000000
624917313
0.000000
1790245761
0.000000
267127010
0.000000
1362834840
0.000000
104576978
0.000000
983646000
0.000000
809207394
0.000000
334734507
0.000000
1623187656
0.000000
1430166551
0.000000
24761786
0.000000
1706993431
0.000000
1204554544
0.000000
619880739
0.000000
892408776
0.000000
688507584
0.000000
1105074252
0.000000
1544374108
0.000000
1808275514
0.000000
497991454
0.000000
998595019
0.000000
801783028
0.000000
107466671
0.000000
158592370
0.000000
434756663
0.000000
1215867947
0.000000
1785684024
0.000000
907424543
0.000000
1802916854
0.000000
629306008
0.000000
389114981
0.000000
767780552
0.000000
2005986288
0.000000
1265768163
0.000000
792508359
0.000000
994411019
0.000000
1348255379
0.000000
2028195356
0.000000
871419461
0.000000
108408487
0.000000
955308353
0.000000
1279743899
0.000000
1606985788
0.000000
1855794244
0.000000
281369880
0.000000
224582466
0.000000
1428738283
0.000000
1789665274
0.000000
1248300236
0.000000
1414318909
0.000000
2108898567
0.000000
40621834
0.000000
1978847939
0.000000
418069684
0.000000
2078169651
0.000000
1123289549
0.000000
598709266
0.000000
1545747467
0.000000
1268000110
0.000000
1797619589
0.000000
1792486327
0.000000
1417097773
0.000000
1568625581
0.000000
1380889295
0.000000
750607936
0.000000
1148637874
0.000000
1426245435
0.000000
694558231
0.000000
1866566972
0.000000
949983028
0.000000
1971319798
0.000000
594139070
0.000000
2043874587
0.000000
251766297
0.000000
893369089
0.000000
1796102646
0.000000
2067029090
0.000000
714958111
0.000000
1129966612
0.000000
1150957463
0.000000
1756872112
0.000000
1996923781
0.000000
1423551951
0.000000
522329230
0.000000
2021703321
0.000000
1281453213
0.000000
270655128
0.000000
530371950
0.000000
1904228600
0.000000
421288959
0.000000
349949754
0.000000
1795289992
0.000000
1293655194
0.000000
1338403330
0.000000
1801048632
0.000000
1442353559
0.000000
840858777
0.000000
1871067779
0.000000
1433118632
0.000000
248263272
0.000000
86383
0.000000
1451839081
0.000000
1350237153
0.000000
976132622
0.000000
1233398521
0.000000
69297956
0.000000
754609818
0.000000
1836275591
0.000000
796366900
0.000000
1420400196
0.000000
1237874120
0.000000
128762704
0.000000
1598733599
0.000000
600207129
0.000000
950527144
0.000000
378859175
0.000000
197140870
0.000000
1926818416
0.000000
2131204599
0.000000
1275947080
0.000000
70874618
0.000000
1483764288
0.000000
1046279452
0.000000
1222648128
0.000000
1923552800
0.000000
933087662
0.000000
1478744840
0.000000
436279149
0.000000
1034486385
0.000000
585066583
0.000000
2033924515
0.000000
524630659
0.000000
2047114878
0.000000
1024245959
0.000000
272918561
0.000000
2064668382
0.000000
1840728048
0.000000
466884054
0.000000
15049440
0.000000
1680351381
0.000000
108218770
0.000000
2061702028
0.000000
1377340251
0.000000
1231367544
0.000000
294405869
0.000000
277117595
0.000000
1770872469
0.000000
1077722710
0.000000
1408508172
0.000000
1084605923
0.000000
1130552125
0.000000
254256219
0.000000
1939298850
0.000000
1436461431
0.000000
596111243
0.000000
830447846
0.000000
840725869
0.000000
1784766670
0.000000
521841394
0.000000
265094610
0.000000
1564026392
0.000000
1391731064
0.000000
432109524
0.000000
1822559361
0.000000
48439519
0.000000
226693620
0.000000
403681562
0.000000
775171661
0.000000
1674303725
0.000000
1544479434
0.000000
1431005949
0.000000
1247622090
0.000000
754137322
0.000000
337486260
0.000000
627260093
0.000000
363159928
0.000000
480385122
0.000000
1441716381
0.000000
869226366
0.000000
1903766468
0.000000
1244171023
0.000000
734112722
0.000000
938966639
0.000000
1502463517
0.000000
1791608793
0.000000
1700769364
0.000000
1823359178
0.000000
606061956
0.000000
568356771
0.000000
364988341
0.000000
1145751355
0.000000
157160836
0.000000
2144768489
0.000000
1610979728
0.000000
262467120
0.000000
353474902
0.000000
912910312
0.000000
1660439616
0.000000
458633347
0.000000
931853946
0.000000
71032851
0.000000
1995702672
0.000000
227725811
0.000000
571846523
0.000000
1035191736
0.000000
1702482605
0.000000
553029607
0.000000
459380633
0.000000
606587866
0.000000
817391553
0.000000
446941412
0.000000
1993997925
0.000000
1640814040
0.000000
1324059153
0.000000
1236634257
0.000000
765221733
0.000000
1949588295
0.000000
424988139
0.000000
245042251
0.000000
1698961258
0.000000
1499292694
0.000000
39194160
0.000000
1606251138
0.000000
245949929
0.000000
1921919875
0.000000
1405804598
0.000000
742794292
0.000000
821225633
0.000000
461814562
0.000000
711443276
0.000000
38193236
0.000000
1963590646
0.000000
1686783873
0.000000
844929464
0.000000
1567627484
0.000000
1785742192
0.000000
1885054119
0.000000
278333842
0.000000
737499328
0.000000
2023078859
0.000000
777800262
0.000000
756044145
0.000000
173205716
0.000000
1228127127
0.000000
1667292172
0.000000
1812908748
0.000000
1059344000
0.000000
1755174370
0.000000
1380261398
0.000000
934961292
0.000000
756589545
0.000000
749808928
0.000000
604612300
0.000000
1973792143
0.000000
1344652192
0.000000
1598973563
0.000000
338314783
0.000000
1667344272
0.000000
541069801
0.000000
1314384009
0.000000
1835246221
0.000000
675614486
0.000000
1306624513
0.000000
270415769
0.000000
802432531
0.000000
286245357
0.000000
562345819
0.000000
270649486
0.000000
435546856
0.000000
1611739816
0.000000
152364254
0.000000
985509754
0.000000
2068549814
0.000000
503962615
0.000000
424166537
0.000000
1468762966
0.000000
174647297
0.000000
1834458877
0.000000
327625760
0.000000
258077412
0.000000
1737580191
0.000000
2027638231
0.000000
97754174
0.000000
129412463
0.000000
1781814877
0.000000
303180324
0.000000
1720494784
0.000000
488527833
0.000000
857306750
0.000000
1286759527
0.000000
1407044999
0.000000
115377429
0.000000
2118199609
0.000000
1744412144
0.000000
888155364
0.000000
68372451
0.000000
232032812
0.000000
2092651979
0.000000
1862124134
0.000000
1441132407
0.000000
1791793583
0.000000
511567600
0.000000
1539614259
0.000000
1266388310
0.000000
477900753
0.000000
489115891
0.000000
3379321
0.000000
961673225
0.000000
879965253
0.000000
2003613929
0.000000
48236096
0.000000
1102730553
0.000000
808530661
0.000000
1845784858
0.000000
1704827491
0.000000
1308822963
0.000000
712542920
0.000000
1340040768
0.000000
1404181687
0.000000
1383816526
0.000000
556455472
0.000000
55835219
0.000000
2119655641
0.000000
446138204
0.000000
1379382951
0.000000
1203288092
0.000000
809458445
0.000000
259181370
0.000000
964449474
0.000000
295741962
0.000000
1257996176
0.000000
1165225317
0.000000
1038525826
0.000000
1903958413
0.000000
175223344
0.000000
778662571
0.000000
216485979
0.000000
642551035
0.000000
1807468129
0.000000
1960657288
0.000000
1777959848
0.000000
2083700978
0.000000
1746505617
0.000000
1713417723
0.000000
1803447838
0.000000
963619508
0.000000
1378888929
0.000000
1490194926
0.000000
1751829968
0.000000
1005471806
0.000000
415825199
0.000000
862332255
0.000000
1998559829
0.000000
1003323276
0.000000
812703488
0.000000
1111527896
0.000000
489102819
0.000000
1931161864
0.000000
2117091137
0.000000
294192416
0.000000
984580318
0.000000
1479904491
0.000000
599180683
0.000000
878918398
0.000000
1588991120
0.000000
67119748
0.000000
652689961
0.000000
413705651
0.000000
1746311018
0.000000
590275977
0.000000
1541379946
0.000000
877518661
0.000000
1685931478
0.000000
1551112228
0.000000
1239225063
0.000000
1359225235
0.000000
1714971506
0.000000
591308
0.000000
1348178968
0.000000
743955679
0.000000
1013304119
0.000000
1057007323
0.000000
1137349677
0.000000
684079392
0.000000
1842378953
0.000000
296356978
0.000000
857151853
0.000000
830889295
0.000000
1817708271
0.000000
120548475
0.000000
981140204
0.000000
1643966962
0.000000
628128032
0.000000
2065708819
0.000000
2147483531
0.000000
2145534035
0.000000
1592609468
0.000000
751152468
0.000000
1710652610
0.000000
427350234
0.000000
1290067270
0.000000
1165706778
0.000000
540506265
0.000000
432969045
0.000000
1236143279
0.000000
1103289075
0.000000
1605675327
0.000000
1305712687
0.000000
2125225363
0.000000
1714659037
0.000000
1191375766
0.000000
314974534
0.000000
229803083
0.000000
1124818675
0.000000
528926184
0.000000
1227559555
0.000000
718044156
0.000000
1457517399
0.000000
148963664
0.000000
1813852093
0.000000
1881757886
0.000000
713120633
0.000000
312244924
0.000000
1597888047
0.000000
1421400194
0.000000
864971330
0.000000
1256336767
0.000000
1192825665
0.000000
1061106910
0.000000
1319631682
0.000000
1986056805
0.000000
1318396314
0.000000
550579652
0.000000
85176241
0.000000
1332973585
0.000000
737637591
0.000000
51897806
0.000000
368064760
0.000000
1311517960
0.000000
910200912
0.000000
1220710403
0.000000
1568463430
0.000000
803101085
0.000000
785214200
0.000000
808048585
0.000000
185984467
0.000000
1252230484
0.000000
898003988
0.000000
237955200
0.000000
698495686
0.000000
1471380100
0.000000
1211145495
0.000000
1872328199
0.000000
1142161102
0.000000
2092804428
0.000000
129367183
0.000000
1020793917
0.000000
236507136
0.000000
2130687802
0.000000
1180074489
0.000000
1500456578
0.000000
273239725
0.000000
1020020789
0.000000
127446722
0.000000
955860595
0.000000
1971340605
0.000000
943842319
0.000000
1843638691
0.000000
2141420721
0.000000
1179617774
0.000000
266898514
0.000000
1817469862
0.000000
408575706
0.000000
1426671283
0.000000
1409334626
0.000000
2089916419
0.000000
982723801
0.000000
342194330
0.000000
298897644
0.000000
608452375
0.000000
2089423258
0.000000
1284101462
0.000000
1830103131
0.000000
135046736
0.000000
1987760720
0.000000
2038808308
0.000000
1002161024
0.000000
606086947
0.000000
988380508
0.000000
925188411
0.000000
1860019397
0.000000
426556000
0.000000
826278314
0.000000
1630361896
0.000000
1748533999
0.000000
1444695645
0.000000
1549592533
0.000000
1467514962
0.000000
674280539
0.000000
361813754
0.000000
1477558821
0.000000
1977694286
0.000000
355976536
0.000000
8200010
0.000000
378614662
0.000000
382578173
0.000000
425314493
0.000000
1435106635
0.000000
1448374988
0.000000
1111284571
0.000000
694506838
0.000000
1002804821
0.000000
688964891
0.000000
201098413
0.000000
1869250560
0.000000
955889957
0.000000
317344092
0.000000
1400258743
0.000000
2022889775
0.000000
1894832768
0.000000
1419330413
0.000000
437900415
0.000000
365816636
0.000000
34519891
0.000000
355223347
0.000000
234254369
0.000000
775654832
0.000000
1205024134
0.000000
2069828928
0.000000
527195143
0.000000
51240879
0.000000
64510906
0.000000
1903039054
0.000000
1903425807
0.000000
1961132537
0.000000
1175535203
0.000000
370604421
0.000000
1045927447
0.000000
1748951034
0.000000
2011351949
0.000000
1252119416
0.000000
1178767759
0.000000
1013081938
0.000000
1617778550
0.000000
713635183
0.000000
370352186
0.000000
1101581096
0.000000
816959685
0.000000
1778470524
0.000000
2076697922
0.000000
10260363
0.000000
647229181
0.000000
976173012
0.000000
1912233251
0.000000
1811472202
0.000000
537635495
0.000000
1576061536
0.000000
1802933454
0.000000
908302208
0.000000
1521446980
0.000000
871608031
0.000000
1130220830
0.000000
1128632095
0.000000
196566714
0.000000
866913112
0.000000
1679612136
0.000000
568629937
0.000000
661122009
0.000000
397215685
0.000000
1624842919
0.000000
1332884381
0.000000
1385869610
0.000000
702899908
0.000000
331211609
0.000000
395899439
0.000000
977532867
0.000000
1144996119
0.000000
348811266
0.000000
1988074999
0.000000
878444520
0.000000
66974515
0.000000
359242577
0.000000
1213459922
0.000000
2116197142
0.000000
301203980
0.000000
716335881
0.000000
663826885
0.000000
760910030
0.000000
349756325
0.000000
691812436
0.000000
815146994
0.000000
1377343945
0.000000
1293452602
0.000000
80923233
0.000000
719628480
0.000000
167963456
0.000000
1168292834
0.000000
1054676517
0.000000
618198881
0.000000
542708781
0.000000
943433458
0.000000
1414362805
0.000000
699174992
0.000000
3574160
0.000000
2088848651
0.000000
216616201
0.000000
683708542
0.000000
2051953944
0.000000
750049635
0.000000
355207555
0.000000
2116321872
0.000000
250057443
0.000000
89947322
0.000000
2063637013
0.000000
1686378441
0.000000
473284781
0.000000
217885779
0.000000
546669518
0.000000
939547160
0.000000
521861729
0.000000
606864955
0.000000
1179459082
0.000000
1894729364
0.000000
1828903032
0.000000
1439819313
0.000000
1197459195
0.000000
1627434328
0.000000
1937022504
0.000000
1832619855
0.000000
1631437711
0.000000
502403881
0.000000
2143811610
0.000000
561099904
0.000000
805392551
0.000000
643177616
0.000000
1600996761
0.000000
2129948864
0.000000
1645645405
0.000000
920432122
0.000000
1377965113
0.000000
996004943
0.000000
220048636
0.000000
390585118
0.000000
1854052994
0.000000
1080952188
0.000000
1999253743
0.000000
1928517639
0.000000
625274502
0.000000
1351070343
0.000000
2094655070
0.000000
1168336219
0.000000
1783848212
0.000000
117703317
0.000000
407209932
0.000000
2094427782
0.000000
1643274097
0.000000
1868047859
0.000000
69447073
0.000000
1113335590
0.000000
806244819
0.000000
2082344010
0.000000
414780911
0.000000
490853015
0.000000
1281934978
0.000000
1925228542
0.000000
1179996045
0.000000
182048270
0.000000
1668560562
0.000000
1655903008
0.000000
1521273983
0.000000
111531099
0.000000
1897440709
0.000000
153838213
0.000000
2136018550
0.000000
579642951
0.000000
1073254665
0.000000
1476003502
0.000000
1607251617
0.000000
2028614953
0.000000
1481135299
0.000000
1958017916
0.000000
367707584
0.000000
1750911869
0.000000
607367442
0.000000
1034823503
0.000000
1956041515
0.000000
1510074329
0.000000
857507257
0.000000
361713382
0.000000
1938090264
0.000000
451109352
0.000000
1177605154
0.000000
800532526
0.000000
565116027
0.000000
1732378755
0.000000
506449259
0.000000
1415002952
0.000000
720707386
0.000000
1121267422
0.000000
972559129
0.000000
1303243786
0.000000
1432595549
0.000000
46741879
0.000000
1759229198
0.000000
810278890
0.000000
1163498603
0.000000
2082414686
0.000000
1602632443
0.000000
1703568827
0.000000
1629293585
0.000000
973300198
0.000000
873488587
0.000000
524470817
0.000000
1508134031
0.000000
459173476
0.000000
1419867461
0.000000
874131563
0.000000
593550214
0.000000
736906383
0.000000
647386832
0.000000
1478329722
0.000000
2049325511
0.000000
1671132791
0.000000
1937682871
0.000000
46506142
0.000000
2092164733
0.000000
115431553
0.000000
880378030
0.000000
351222380
0.000000
1709478704
0.000000
24864915
0.000000
1292798887
0.000000
1978837110
0.000000
236066681
0.000000
1170411558
0.000000
156848786
0.000000
1195111433
0.000000
823304040
0.000000
1033862659
0.000000
839521936
0.000000
877617562
0.000000
1200676938
0.000000
2020949754
0.000000
1501154526
0.000000
1266233526
0.000000
23929712
0.000000
607227595
0.000000
831898621
0.000000
1601581177
0.000000
1214810341
0.000000
1190369158
0.000000
576783054
0.000000
251606020
0.000000
347077197
0.000000
760864727
0.000000
1735832451
0.000000
570659462
0.000000
411610332
0.000000
890022937
0.000000
1391900804
0.000000
1137446057
0.000000
156454405
0.000000
1009200907
0.000000
813799943
0.000000
212294258
0.000000
1059256539
0.000000
285217343
0.000000
464383697
0.000000
941222281
0.000000
758332965
0.000000
2134181457
0.000000
1915875605
0.000000
751490117
0.000000
943068412
0.000000
1721485624
0.000000
2109190184
0.000000
646861459
0.000000
1238320299
0.000000
1185242216
0.000000
307614740
0.000000
1087796851
0.000000
1073387846
0.000000
1566892922
0.000000
177376893
0.000000
466138615
0.000000
371358049
0.000000
827251361
0.000000
804493649
0.000000
567717231
0.000000
353657796
0.000000
1839326123
0.000000
527050696
0.000000
1918487444
0.000000
1698995250
0.000000
2070596238
0.000000
538472431
0.000000
610059359
0.000000
1180715935
0.000000
1543821265
0.000000
1106577801
0.000000
1044718387
0.000000
755632437
0.000000
1843563948
0.000000
885215120
0.000000
43815424
0.000000
1966423894
0.000000
2060542775
0.000000
1221127903
0.000000
2142934989
0.000000
860116286
0.000000
1261990845
0.000000
1731634143
0.000000
876657257
0.000000
93216332
0.000000
1171313261
0.000000
279385578
0.000000
1234157104
0.000000
2081384202
0.000000
1463157031
0.000000
444978220
0.000000
1210884686
0.000000
1783878630
0.000000
628938643
0.000000
657262367
0.000000
2100205648
0.000000
2115103844
0.000000
1253497317
0.000000
714829749
0.000000
1120070125
0.000000
176941273
0.000000
1734607863
0.000000
1463845416
0.000000
1277246680
0.000000
438415348
0.000000
430360979
0.000000
352050957
0.000000
602986814
0.000000
424052705
0.000000
1703072189
0.000000
1872233307
0.000000
1694794905
0.000000
194874527
0.000000
343613614
0.000000
530483715
0.000000
1635179308
0.000000
1110398897
0.000000
841369449
0.000000
1863997495
0.000000
714456029
0.000000
1281409026
0.000000
1675487866
0.000000
2118984398
0.000000
2049458985
0.000000
1766946662
0.000000
1668677518
0.000000
1474098853
0.000000
1808070579
0.000000
1348616203
0.000000
1650113383
0.000000
851810723
0.000000
1256830559
0.000000
902053221
0.000000
1721421174
0.000000
1025979034
0.000000
1483422675
0.000000
1747240702
0.000000
1183089436
0.000000
633063279
0.000000
1260542915
0.000000
1018594750
0.000000
1929813013
0.000000
921788850
0.000000
558172492
0.000000
996502948
0.000000
84083
0.000000
1413182981
0.000000
197225847
0.000000
1207543208
0.000000
1458232706
0.000000
1433710178
0.000000
1600442306
0.000000
1401158267
0.000000
2108804114
0.000000
600633910
0.000000
1680984470
0.000000
11127358
0.000000
186428617
0.000000
127124946
0.000000
1990222304
0.000000
460977656
0.000000
1677949663
0.000000
544733637
0.000000
615449898
0.000000
1585191734
0.000000
635348656
0.000000
1016168508
0.000000
1954153012
0.000000
1982259113
0.000000
1915096280
0.000000
538276724
0.000000
1615779104
0.000000
1468684613
0.000000
1005252073
0.000000
1017739962
0.000000
448292979
0.000000
1087464377
0.000000
1927948269
0.000000
1793291147
0.000000
2058805631
0.000000
2089719753
0.000000
1972325633
0.000000
319338739
0.000000
564552520
0.000000
851451194
0.000000
1656677597
0.000000
1654889424
0.000000
1665836871
0.000000
975984958
0.000000
899093320
0.000000
1366488948
0.000000
1389628018
0.000000
1593437401
0.000000
1781320517
0.000000
584406392
0.000000
1675512613
0.000000
387423580
0.000000
257691356
0.000000
1691587940
0.000000
2129988594
0.000000
165903868
0.000000
912535670
0.000000
1806282463
0.000000
1360521649
0.000000
2028965134
0.000000
924176425
0.000000
2031439871
0.000000
1714891891
0.000000
809985650
0.000000
529981217
0.000000
1779630010
0.000000
89342654
0.000000
490916525
0.000000
201863901
0.000000
1849905494
0.000000
93396392
0.000000
2050098034
0.000000
1770024970
0.000000
1866192546
0.000000
1099456187
0.000000
1610836121
0.000000
2143831565
0.000000
896483589
0.000000
454412971
0.000000
866954865
0.000000
233871160
0.000000
777512110
0.000000
208040775
0.000000
437928109
0.000000
831269694
0.000000
1768623323
0.000000
1931031534
0.000000
2074118474
0.000000
1754634414
0.000000
895155494
0.000000
1755440423
0.000000
1556846875
0.000000
984673077
0.000000
891421357
0.000000
1272825627
0.000000
1295705222
0.000000
1433485574
0.000000
2120490172
0.000000
1587198839
0.000000
9024039
0.000000
1343168183
0.000000
279554417
0.000000
1924350530
0.000000
1455633890
0.000000
705082606
0.000000
508594896
0.000000
969502012
0.000000
1461885895
0.000000
555831938
0.000000
313517516
0.000000
1511505321
0.000000
1285869684
0.000000
1483839227
0.000000
158295578
0.000000
1889024460
0.000000
435861972
0.000000
465443487
0.000000
1573243635
0.000000
1687111581
0.000000
2057750526
0.000000
1536439194
0.000000
1590162030
0.000000
419251295
0.000000
462669258
0.000000
43933419
0.000000
1802082212
0.000000
1633863443
0.000000
469492312
0.000000
902368706
0.000000
581326628
0.000000
1453526593
0.000000
1794963926
0.000000
108431226
0.000000
1337482726
0.000000
1360842733
0.000000
982972981
0.000000
235195296
0.000000
1557429392
0.000000
37618061
0.000000
886559009
0.000000
1155721377
0.000000
219596124
0.000000
1375150522
0.000000
935814240
0.000000
59701052
0.000000
520717815
0.000000
708455180
0.000000
1356871292
0.000000
806957151
0.000000
1169606052
0.000000
1651094973
0.000000
169524677
0.000000
1637930417
0.000000
103647626
0.000000
396412465
0.000000
1010026261
0.000000
1800622739
0.000000
726820849
0.000000
791025007
0.000000
1833517719
0.000000
1689452430
0.000000
598210376
0.000000
1750837825
0.000000
1510393581
0.000000
1928208327
0.000000
1869118659
0.000000
886513497
0.000000
390801193
0.000000
1190658225
0.000000
1140164829
0.000000
753698822
0.000000
1557551348
0.000000
2087332553
0.000000
505360879
0.000000
302469468
0.000000
510556227
0.000000
1721337424
0.000000
1765876431
0.000000
861174277
0.000000
1863776406
0.000000
1293580500
0.000000
83021272
0.000000
1621631601
0.000000
1047353930
0.000000
2101530698
0.000000
762899077
0.000000
1567414549
0.000000
354427294
0.000000
1887377127
0.000000
666423652
0.000000
1455100059
0.000000
322919577
0.000000
618154670
0.000000
1947138151
0.000000
47607224
0.000000
1270697084
0.000000
2028505020
0.000000
1780975015
0.000000
1220005219
0.000000
453854177
0.000000
65238695
0.000000
1250086895
0.000000
1377925664
0.000000
332985600
0.000000
146595118
0.000000
660405117
0.000000
1233313723
0.000000
791581617
0.000000
451043754
0.000000
75099568

Garbage collector statistics:
objects: 1   bytes in use: 1040   freed: 523120


Garbage collector statistics:
objects: 1   bytes in use: 1040   freed: 523120


Garbage collector statistics:
objects: 1   bytes in use: 1040   freed: 523120

0.000000
